c:\users\john\documents\visual studio 2015\projects\cryptography\keccak\win\keccak\debug\vc140.pdb
c:\users\john\documents\visual studio 2015\projects\cryptography\keccak\win\keccak\debug\vc140.idb
c:\users\john\documents\visual studio 2015\projects\cryptography\keccak\win\keccak\debug\arrayutils.obj
c:\users\john\documents\visual studio 2015\projects\cryptography\keccak\win\keccak\debug\bitconverter.obj
c:\users\john\documents\visual studio 2015\projects\cryptography\keccak\win\keccak\debug\cpudetect.obj
c:\users\john\documents\visual studio 2015\projects\cryptography\keccak\win\keccak\debug\csp.obj
c:\users\john\documents\visual studio 2015\projects\cryptography\keccak\win\keccak\debug\digestfromname.obj
c:\users\john\documents\visual studio 2015\projects\cryptography\keccak\win\keccak\debug\hmac.obj
c:\users\john\documents\visual studio 2015\projects\cryptography\keccak\win\keccak\debug\intutils.obj
c:\users\john\documents\visual studio 2015\projects\cryptography\keccak\win\keccak\debug\keccak.obj
c:\users\john\documents\visual studio 2015\projects\cryptography\keccak\win\keccak\debug\keccak256.obj
c:\users\john\documents\visual studio 2015\projects\cryptography\keccak\win\keccak\debug\keccak512.obj
c:\users\john\documents\visual studio 2015\projects\cryptography\keccak\win\keccak\debug\memorystream.obj
c:\users\john\documents\visual studio 2015\projects\cryptography\keccak\win\keccak\debug\paralleloptions.obj
c:\users\john\documents\visual studio 2015\projects\cryptography\keccak\win\keccak\debug\parallelutils.obj
c:\users\john\documents\visual studio 2015\projects\cryptography\keccak\win\keccak\debug\securerandom.obj
c:\users\john\documents\visual studio 2015\projects\cryptography\keccak\win\keccak\debug\streamreader.obj
c:\users\john\documents\visual studio 2015\projects\cryptography\keccak\win\keccak\debug\streamwriter.obj
c:\users\john\documents\visual studio 2015\projects\cryptography\keccak\win\keccak\debug\symmetrickey.obj
c:\users\john\documents\visual studio 2015\projects\cryptography\keccak\win\keccak\debug\keccak.pdb
c:\users\john\documents\visual studio 2015\projects\cryptography\keccak\win\keccak\debug\keccak.idb
c:\users\john\documents\visual studio 2015\projects\cryptography\keccak\win\debug\keccak.lib
c:\users\john\documents\visual studio 2015\projects\cryptography\keccak\win\debug\keccak.pdb
c:\users\john\documents\visual studio 2015\projects\cryptography\keccak\win\keccak\debug\keccak.tlog\cl.command.1.tlog
c:\users\john\documents\visual studio 2015\projects\cryptography\keccak\win\keccak\debug\keccak.tlog\cl.read.1.tlog
c:\users\john\documents\visual studio 2015\projects\cryptography\keccak\win\keccak\debug\keccak.tlog\cl.write.1.tlog
c:\users\john\documents\visual studio 2015\projects\cryptography\keccak\win\keccak\debug\keccak.tlog\lib-link.read.1.tlog
c:\users\john\documents\visual studio 2015\projects\cryptography\keccak\win\keccak\debug\keccak.tlog\lib-link.write.1.tlog
c:\users\john\documents\visual studio 2015\projects\cryptography\keccak\win\keccak\debug\keccak.tlog\lib.command.1.tlog
c:\users\john\documents\visual studio 2015\projects\cryptography\keccak\win\keccak\debug\keccak.tlog\link.command.1.tlog
c:\users\john\documents\visual studio 2015\projects\cryptography\keccak\win\keccak\debug\keccak.tlog\link.read.1.tlog
c:\users\john\documents\visual studio 2015\projects\cryptography\keccak\win\keccak\debug\keccak.tlog\link.write.1.tlog
